<?xml version="1.0" encoding="UTF-8"?>
<!-- Generated by org.testng.reporters.JUnitXMLReporter -->
<testsuite ignored="6" hostname="DESKTOP-MP6QUH3" failures="0" tests="16" name="Test" time="95.621" errors="0" timestamp="2025-09-08T13:01:47 IST">
  <testcase classname="saucedemo.testclasses.LoginPageTest" name="invalidLoginTest" time="0.465"/>
  <testcase classname="saucedemo.testclasses.LoginPageTest" name="lockedOutUserTest" time="0.264"/>
  <testcase classname="saucedemo.testclasses.LoginPageTest" name="validLoginTest" time="0.344"/>
  <testcase classname="saucedemo.testclasses.ProductPageTest" name="productDisplayed" time="0.162"/>
  <testcase classname="saucedemo.testclasses.ProductPageTest" name="addProductToCart" time="0.433"/>
  <testcase classname="saucedemo.testclasses.ProductPageTest" name="removeProductFromCart" time="20.372"/>
  <testcase classname="saucedemo.testclasses.ProductPageTest" name="addProductAfterRemovingAll" time="20.187"/>
  <testcase classname="saucedemo.testclasses.ProductPageTest" name="addSecondProductToCart" time="20.371"/>
  <testcase classname="saucedemo.testclasses.ProductPageTest" name="goToCartTest" time="0.365"/>
  <testcase classname="saucedemo.testclasses.CartPageTest" name="isCartPage" time="0.216"/>
  <testcase classname="saucedemo.testclasses.CartPageTest" name="removeProductFromCart" time="21.282"/>
  <testcase classname="saucedemo.testclasses.CartPageTest" name="clickCheckOut" time="0.33"/>
  <testcase classname="saucedemo.testclasses.CheckOutPageTest" name="verifyCheckoutPageHeading" time="0.226"/>
  <testcase classname="saucedemo.testclasses.CheckOutPageTest" name="fillCheckoutInformation" time="6.535"/>
  <testcase classname="saucedemo.testclasses.CheckOutPageTest" name="clickContinueAndVerifyNavigation" time="0.322"/>
  <testcase classname="saucedemo.testclasses.CheckOutPageTest" name="completeCheckoutProcess" time="2.668"/>
  <testcase classname="saucedemo.testclasses.BaseTest" name="@BeforeSuite setup" time="0.0">
    <ignored/>
  </testcase> <!-- @BeforeSuite setup -->
  <testcase classname="saucedemo.testclasses.BaseTest" name="@BeforeSuite setup" time="0.0">
    <ignored/>
  </testcase> <!-- @BeforeSuite setup -->
  <testcase classname="saucedemo.testclasses.BaseTest" name="@AfterSuite teardown" time="0.0">
    <ignored/>
  </testcase> <!-- @AfterSuite teardown -->
  <testcase classname="saucedemo.testclasses.BaseTest" name="@BeforeSuite setup" time="0.0">
    <ignored/>
  </testcase> <!-- @BeforeSuite setup -->
  <testcase classname="saucedemo.testclasses.BaseTest" name="@AfterSuite teardown" time="0.0">
    <ignored/>
  </testcase> <!-- @AfterSuite teardown -->
  <testcase classname="saucedemo.testclasses.BaseTest" name="@AfterSuite teardown" time="0.0">
    <ignored/>
  </testcase> <!-- @AfterSuite teardown -->
</testsuite> <!-- Test -->
