<?xml version="1.0" encoding="UTF-8"?>
<!-- Generated by org.testng.reporters.JUnitXMLReporter -->
<testsuite ignored="6" hostname="DESKTOP-MP6QUH3" failures="0" tests="16" name="Test" time="93.592" errors="0" timestamp="2025-09-08T10:46:24 IST">
  <testcase classname="saucedemo.testclasses.LoginPageTest" name="invalidLoginTest" time="0.391"/>
  <testcase classname="saucedemo.testclasses.LoginPageTest" name="lockedOutUserTest" time="0.314"/>
  <testcase classname="saucedemo.testclasses.LoginPageTest" name="validLoginTest" time="0.298"/>
  <testcase classname="saucedemo.testclasses.ProductPageTest" name="productDisplayed" time="0.181"/>
  <testcase classname="saucedemo.testclasses.ProductPageTest" name="addProductToCart" time="0.47"/>
  <testcase classname="saucedemo.testclasses.ProductPageTest" name="removeProductFromCart" time="20.372"/>
  <testcase classname="saucedemo.testclasses.ProductPageTest" name="addProductAfterRemovingAll" time="20.188"/>
  <testcase classname="saucedemo.testclasses.ProductPageTest" name="addSecondProductToCart" time="20.376"/>
  <testcase classname="saucedemo.testclasses.ProductPageTest" name="goToCartTest" time="0.407"/>
  <testcase classname="saucedemo.testclasses.CartPageTest" name="isCartPage" time="0.01"/>
  <testcase classname="saucedemo.testclasses.CartPageTest" name="removeProductFromCart" time="20.409"/>
  <testcase classname="saucedemo.testclasses.CartPageTest" name="clickCheckOut" time="0.173"/>
  <testcase classname="saucedemo.testclasses.CheckOutPageTest" name="verifyCheckoutPageHeading" time="0.028"/>
  <testcase classname="saucedemo.testclasses.CheckOutPageTest" name="fillCheckoutInformation" time="6.363"/>
  <testcase classname="saucedemo.testclasses.CheckOutPageTest" name="clickContinueAndVerifyNavigation" time="0.103"/>
  <testcase classname="saucedemo.testclasses.CheckOutPageTest" name="completeCheckoutProcess" time="2.087"/>
  <testcase classname="saucedemo.testclasses.BaseTest" name="@BeforeSuite setup" time="0.0">
    <ignored/>
  </testcase> <!-- @BeforeSuite setup -->
  <testcase classname="saucedemo.testclasses.BaseTest" name="@BeforeSuite setup" time="0.0">
    <ignored/>
  </testcase> <!-- @BeforeSuite setup -->
  <testcase classname="saucedemo.testclasses.BaseTest" name="@AfterSuite teardown" time="0.0">
    <ignored/>
  </testcase> <!-- @AfterSuite teardown -->
  <testcase classname="saucedemo.testclasses.BaseTest" name="@BeforeSuite setup" time="0.0">
    <ignored/>
  </testcase> <!-- @BeforeSuite setup -->
  <testcase classname="saucedemo.testclasses.BaseTest" name="@AfterSuite teardown" time="0.0">
    <ignored/>
  </testcase> <!-- @AfterSuite teardown -->
  <testcase classname="saucedemo.testclasses.BaseTest" name="@AfterSuite teardown" time="0.0">
    <ignored/>
  </testcase> <!-- @AfterSuite teardown -->
</testsuite> <!-- Test -->
